<?xml version="1.0" encoding="UTF-8"?>
<testsuite name="com.logistica.application.dtos.RutaCerradaEventDTOMappingTest" tests="2" skipped="0" failures="0" errors="0" timestamp="2026-04-24T11:08:01" hostname="LAPTOP-8UJSA6QU" time="1.481">
  <properties/>
  <testcase name="paradas_se_deserializa_como_lista_correcta()" classname="com.logistica.application.dtos.RutaCerradaEventDTOMappingTest" time="1.461"/>
  <testcase name="deserializa_evento_completo_correctamente()" classname="com.logistica.application.dtos.RutaCerradaEventDTOMappingTest" time="0.014"/>
  <system-out><![CDATA[06:07:59.091 [Test worker] INFO org.springframework.test.context.support.AnnotationConfigContextLoaderUtils -- Could not detect default configuration classes for test class [com.logistica.application.dtos.RutaCerradaEventDTOMappingTest]: RutaCerradaEventDTOMappingTest does not declare any static, non-private, non-final, nested classes annotated with @Configuration.
06:07:59.328 [Test worker] INFO org.springframework.boot.test.context.SpringBootTestContextBootstrapper -- Found @SpringBootConfiguration com.logistica.LogisticaApplication for test class com.logistica.application.dtos.RutaCerradaEventDTOMappingTest

  .   ____          _            __ _ _
 /\\ / ___'_ __ _ _(_)_ __  __ _ \ \ \ \
( ( )\___ | '_ | '_| | '_ \/ _` | \ \ \ \
 \\/  ___)| |_)| | | | | || (_| |  ) ) ) )
  '  |____| .__|_| |_|_| |_\__, | / / / /
 =========|_|==============|___/=/_/_/_/
 :: Spring Boot ::                (v3.2.4)

2026-04-24T06:08:00.091-05:00  INFO 3244 --- [    Test worker] c.l.a.d.RutaCerradaEventDTOMappingTest   : Starting RutaCerradaEventDTOMappingTest using Java 21.0.10 with PID 3244 (started by LUIS in C:\Users\LUIS\IdeaProjects\20261LogisticsInvoice\backend)
2026-04-24T06:08:00.094-05:00  INFO 3244 --- [    Test worker] c.l.a.d.RutaCerradaEventDTOMappingTest   : No active profile set, falling back to 1 default profile: "default"
2026-04-24T06:08:01.131-05:00  INFO 3244 --- [    Test worker] c.l.a.d.RutaCerradaEventDTOMappingTest   : Started RutaCerradaEventDTOMappingTest in 1.65 seconds (process running for 4.615)
]]></system-out>
  <system-err><![CDATA[WARNING: A Java agent has been loaded dynamically (C:\Users\LUIS\.gradle\caches\modules-2\files-2.1\net.bytebuddy\byte-buddy-agent\1.14.9\dfb8707031008535048bad2b69735f46d0b6c5e5\byte-buddy-agent-1.14.9.jar)
WARNING: If a serviceability tool is in use, please run with -XX:+EnableDynamicAgentLoading to hide this warning
WARNING: If a serviceability tool is not in use, please run with -Djdk.instrument.traceUsage for more information
WARNING: Dynamic loading of agents will be disallowed by default in a future release
]]></system-err>
</testsuite>
